0 verbose cli /usr/local/bin/node /usr/local/bin/npm
1 info using npm@10.8.3
2 info using node@v21.7.3
3 silly config load:file:/usr/local/lib/node_modules/npm/npmrc
4 silly config load:file:/home/container/.npmrc
5 silly config load:file:/usr/local/etc/npmrc
6 verbose title npm install
7 verbose argv "install"
8 verbose logfile logs-max:10 dir:/home/container/.npm/_logs/2024-09-26T16_34_16_184Z-
9 verbose logfile /home/container/.npm/_logs/2024-09-26T16_34_16_184Z-debug-0.log
10 silly packumentCache heap:2197815296 maxSize:549453824 maxEntrySize:274726912
11 silly logfile done cleaning log files
12 silly idealTree buildDeps
13 silly reify moves {}
14 silly audit bulk request {
14 silly audit   '@popperjs/core': [ '2.11.8' ],
14 silly audit   '@rollup/plugin-node-resolve': [ '15.2.3' ],
14 silly audit   '@rollup/pluginutils': [ '5.1.0' ],
14 silly audit   '@types/estree': [ '1.0.5' ],
14 silly audit   '@types/resolve': [ '1.20.2' ],
14 silly audit   accepts: [ '1.3.8' ],
14 silly audit   'append-field': [ '1.0.0' ],
14 silly audit   'array-flatten': [ '1.1.1' ],
14 silly audit   'body-parser': [ '1.20.2' ],
14 silly audit   'buffer-from': [ '1.1.2' ],
14 silly audit   'builtin-modules': [ '3.3.0' ],
14 silly audit   busboy: [ '1.6.0' ],
14 silly audit   bytes: [ '3.1.2' ],
14 silly audit   'call-bind': [ '1.0.7' ],
14 silly audit   'concat-stream': [ '1.6.2' ],
14 silly audit   'content-disposition': [ '0.5.4' ],
14 silly audit   'content-type': [ '1.0.5' ],
14 silly audit   cookie: [ '0.6.0' ],
14 silly audit   'cookie-signature': [ '1.0.6', '1.0.7' ],
14 silly audit   'core-util-is': [ '1.0.3' ],
14 silly audit   debug: [ '2.6.9' ],
14 silly audit   deepmerge: [ '4.3.1' ],
14 silly audit   'define-data-property': [ '1.1.4' ],
14 silly audit   depd: [ '2.0.0' ],
14 silly audit   destroy: [ '1.2.0' ],
14 silly audit   'ee-first': [ '1.1.1' ],
14 silly audit   encodeurl: [ '1.0.2' ],
14 silly audit   'es-define-property': [ '1.0.0' ],
14 silly audit   'es-errors': [ '1.3.0' ],
14 silly audit   'escape-html': [ '1.0.3' ],
14 silly audit   'estree-walker': [ '2.0.2' ],
14 silly audit   etag: [ '1.8.1' ],
14 silly audit   express: [ '4.19.2' ],
14 silly audit   'express-session': [ '1.18.0' ],
14 silly audit   finalhandler: [ '1.2.0' ],
14 silly audit   flowbite: [ '2.4.1' ],
14 silly audit   'flowbite-datepicker': [ '1.3.0' ],
14 silly audit   forwarded: [ '0.2.0' ],
14 silly audit   fresh: [ '0.5.2' ],
14 silly audit   'function-bind': [ '1.1.2' ],
14 silly audit   'get-intrinsic': [ '1.2.4' ],
14 silly audit   gopd: [ '1.0.1' ],
14 silly audit   'has-property-descriptors': [ '1.0.2' ],
14 silly audit   'has-proto': [ '1.0.3' ],
14 silly audit   'has-symbols': [ '1.0.3' ],
14 silly audit   hasown: [ '2.0.2' ],
14 silly audit   'http-errors': [ '2.0.0' ],
14 silly audit   'iconv-lite': [ '0.4.24' ],
14 silly audit   inherits: [ '2.0.4' ],
14 silly audit   'ipaddr.js': [ '1.9.1' ],
14 silly audit   'is-builtin-module': [ '3.2.1' ],
14 silly audit   'is-core-module': [ '2.15.0' ],
14 silly audit   'is-module': [ '1.0.0' ],
14 silly audit   isarray: [ '1.0.0' ],
14 silly audit   'media-typer': [ '0.3.0' ],
14 silly audit   'merge-descriptors': [ '1.0.1' ],
14 silly audit   methods: [ '1.1.2' ],
14 silly audit   mime: [ '1.6.0' ],
14 silly audit   'mime-db': [ '1.52.0' ],
14 silly audit   'mime-types': [ '2.1.35' ],
14 silly audit   'mini-svg-data-uri': [ '1.4.4' ],
14 silly audit   minimist: [ '1.2.8' ],
14 silly audit   mkdirp: [ '0.5.6' ],
14 silly audit   ms: [ '2.0.0', '2.1.3' ],
14 silly audit   multer: [ '1.4.5-lts.1' ],
14 silly audit   negotiator: [ '0.6.3' ],
14 silly audit   'object-assign': [ '4.1.1' ],
14 silly audit   'object-inspect': [ '1.13.2' ],
14 silly audit   'on-finished': [ '2.4.1' ],
14 silly audit   'on-headers': [ '1.0.2' ],
14 silly audit   parseurl: [ '1.3.3' ],
14 silly audit   'path-parse': [ '1.0.7' ],
14 silly audit   'path-to-regexp': [ '0.1.7' ],
14 silly audit   picomatch: [ '2.3.1' ],
14 silly audit   'process-nextick-args': [ '2.0.1' ],
14 silly audit   'proxy-addr': [ '2.0.7' ],
14 silly audit   qs: [ '6.11.0' ],
14 silly audit   'random-bytes': [ '1.0.0' ],
14 silly audit   'range-parser': [ '1.2.1' ],
14 silly audit   'raw-body': [ '2.5.2' ],
14 silly audit   'readable-stream': [ '2.3.8' ],
14 silly audit   'safe-buffer': [ '5.1.2', '5.2.1' ],
14 silly audit   resolve: [ '1.22.8' ],
14 silly audit   'safer-buffer': [ '2.1.2' ],
14 silly audit   send: [ '0.18.0' ],
14 silly audit   'serve-static': [ '1.15.0' ],
14 silly audit   'set-function-length': [ '1.2.2' ],
14 silly audit   setprototypeof: [ '1.2.0' ],
14 silly audit   'side-channel': [ '1.0.6' ],
14 silly audit   statuses: [ '2.0.1' ],
14 silly audit   streamsearch: [ '1.1.0' ],
14 silly audit   string_decoder: [ '1.1.1' ],
14 silly audit   'supports-preserve-symlinks-flag': [ '1.0.0' ],
14 silly audit   toidentifier: [ '1.0.1' ],
14 silly audit   'type-is': [ '1.6.18' ],
14 silly audit   typedarray: [ '0.0.6' ],
14 silly audit   'uid-safe': [ '2.1.5' ],
14 silly audit   unpipe: [ '1.0.0' ],
14 silly audit   'util-deprecate': [ '1.0.2' ],
14 silly audit   'utils-merge': [ '1.0.1' ],
14 silly audit   vary: [ '1.1.2' ],
14 silly audit   xtend: [ '4.0.2' ]
14 silly audit }
15 http fetch POST 200 https://registry.npmjs.org/-/npm/v1/security/advisories/bulk 458ms
16 silly audit report {
16 silly audit report   'body-parser': [
16 silly audit report     {
16 silly audit report       id: 1099520,
16 silly audit report       url: 'https://github.com/advisories/GHSA-qwcr-r2fm-qrc7',
16 silly audit report       title: 'body-parser vulnerable to denial of service when url encoding is enabled',
16 silly audit report       severity: 'high',
16 silly audit report       vulnerable_versions: '<1.20.3',
16 silly audit report       cwe: [Array],
16 silly audit report       cvss: [Object]
16 silly audit report     }
16 silly audit report   ],
16 silly audit report   express: [
16 silly audit report     {
16 silly audit report       id: 1099529,
16 silly audit report       url: 'https://github.com/advisories/GHSA-qw6h-vgh9-j6wx',
16 silly audit report       title: 'express vulnerable to XSS via response.redirect()',
16 silly audit report       severity: 'moderate',
16 silly audit report       vulnerable_versions: '<4.20.0',
16 silly audit report       cwe: [Array],
16 silly audit report       cvss: [Object]
16 silly audit report     }
16 silly audit report   ],
16 silly audit report   'path-to-regexp': [
16 silly audit report     {
16 silly audit report       id: 1099562,
16 silly audit report       url: 'https://github.com/advisories/GHSA-9wv6-86v2-598j',
16 silly audit report       title: 'path-to-regexp outputs backtracking regular expressions',
16 silly audit report       severity: 'high',
16 silly audit report       vulnerable_versions: '<0.1.10',
16 silly audit report       cwe: [Array],
16 silly audit report       cvss: [Object]
16 silly audit report     }
16 silly audit report   ],
16 silly audit report   send: [
16 silly audit report     {
16 silly audit report       id: 1099525,
16 silly audit report       url: 'https://github.com/advisories/GHSA-m6fv-jmcg-4jfg',
16 silly audit report       title: 'send vulnerable to template injection that can lead to XSS',
16 silly audit report       severity: 'moderate',
16 silly audit report       vulnerable_versions: '<0.19.0',
16 silly audit report       cwe: [Array],
16 silly audit report       cvss: [Object]
16 silly audit report     }
16 silly audit report   ],
16 silly audit report   'serve-static': [
16 silly audit report     {
16 silly audit report       id: 1099527,
16 silly audit report       url: 'https://github.com/advisories/GHSA-cm22-4g7w-348p',
16 silly audit report       title: 'serve-static vulnerable to template injection that can lead to XSS',
16 silly audit report       severity: 'moderate',
16 silly audit report       vulnerable_versions: '<1.16.0',
16 silly audit report       cwe: [Array],
16 silly audit report       cvss: [Object]
16 silly audit report     }
16 silly audit report   ]
16 silly audit report }
17 silly packumentCache corgi:https://registry.npmjs.org/body-parser cache-miss
18 silly packumentCache corgi:https://registry.npmjs.org/express cache-miss
19 silly packumentCache corgi:https://registry.npmjs.org/path-to-regexp cache-miss
20 silly packumentCache corgi:https://registry.npmjs.org/send cache-miss
21 silly packumentCache corgi:https://registry.npmjs.org/serve-static cache-miss
22 http fetch GET 200 https://registry.npmjs.org/serve-static 25ms (cache hit)
23 silly packumentCache corgi:https://registry.npmjs.org/serve-static set size:55328 disposed:false
24 http fetch GET 200 https://registry.npmjs.org/express 30ms (cache hit)
25 silly packumentCache corgi:https://registry.npmjs.org/express set size:316096 disposed:false
26 http fetch GET 200 https://registry.npmjs.org/body-parser 39ms (cache hit)
27 silly packumentCache corgi:https://registry.npmjs.org/body-parser set size:71304 disposed:false
28 http fetch GET 200 https://registry.npmjs.org/send 40ms (cache hit)
29 silly packumentCache corgi:https://registry.npmjs.org/send set size:58787 disposed:false
30 http fetch GET 200 https://registry.npmjs.org/path-to-regexp 43ms (cache hit)
31 silly packumentCache corgi:https://registry.npmjs.org/path-to-regexp set size:61975 disposed:false
32 verbose cwd /home/container
33 verbose os Linux 5.15.0-113-generic
34 verbose node v21.7.3
35 verbose npm  v10.8.3
36 verbose exit 0
37 info ok
