0 verbose cli /usr/local/bin/node /usr/local/bin/npm
1 info using npm@10.8.2
2 info using node@v21.7.3
3 silly config load:file:/usr/local/lib/node_modules/npm/npmrc
4 silly config load:file:/home/container/.npmrc
5 silly config load:file:/usr/local/etc/npmrc
6 verbose title npm install
7 verbose argv "install"
8 verbose logfile logs-max:10 dir:/home/container/.npm/_logs/2024-08-31T17_12_14_946Z-
9 verbose logfile /home/container/.npm/_logs/2024-08-31T17_12_14_946Z-debug-0.log
10 silly packumentCache heap:2197815296 maxSize:549453824 maxEntrySize:274726912
11 silly logfile done cleaning log files
12 silly idealTree buildDeps
13 silly reify moves {}
14 silly audit bulk request {
14 silly audit   '@popperjs/core': [ '2.11.8' ],
14 silly audit   '@rollup/plugin-node-resolve': [ '15.2.3' ],
14 silly audit   '@rollup/pluginutils': [ '5.1.0' ],
14 silly audit   '@types/estree': [ '1.0.5' ],
14 silly audit   '@types/resolve': [ '1.20.2' ],
14 silly audit   accepts: [ '1.3.8' ],
14 silly audit   'append-field': [ '1.0.0' ],
14 silly audit   'array-flatten': [ '1.1.1' ],
14 silly audit   'body-parser': [ '1.20.2' ],
14 silly audit   'buffer-from': [ '1.1.2' ],
14 silly audit   'builtin-modules': [ '3.3.0' ],
14 silly audit   busboy: [ '1.6.0' ],
14 silly audit   bytes: [ '3.1.2' ],
14 silly audit   'call-bind': [ '1.0.7' ],
14 silly audit   'concat-stream': [ '1.6.2' ],
14 silly audit   'content-disposition': [ '0.5.4' ],
14 silly audit   'content-type': [ '1.0.5' ],
14 silly audit   cookie: [ '0.6.0' ],
14 silly audit   'cookie-signature': [ '1.0.6', '1.0.7' ],
14 silly audit   'core-util-is': [ '1.0.3' ],
14 silly audit   debug: [ '2.6.9' ],
14 silly audit   deepmerge: [ '4.3.1' ],
14 silly audit   'define-data-property': [ '1.1.4' ],
14 silly audit   depd: [ '2.0.0' ],
14 silly audit   destroy: [ '1.2.0' ],
14 silly audit   'ee-first': [ '1.1.1' ],
14 silly audit   encodeurl: [ '1.0.2' ],
14 silly audit   'es-define-property': [ '1.0.0' ],
14 silly audit   'es-errors': [ '1.3.0' ],
14 silly audit   'escape-html': [ '1.0.3' ],
14 silly audit   'estree-walker': [ '2.0.2' ],
14 silly audit   etag: [ '1.8.1' ],
14 silly audit   express: [ '4.19.2' ],
14 silly audit   'express-session': [ '1.18.0' ],
14 silly audit   finalhandler: [ '1.2.0' ],
14 silly audit   flowbite: [ '2.4.1' ],
14 silly audit   'flowbite-datepicker': [ '1.3.0' ],
14 silly audit   forwarded: [ '0.2.0' ],
14 silly audit   fresh: [ '0.5.2' ],
14 silly audit   'function-bind': [ '1.1.2' ],
14 silly audit   'get-intrinsic': [ '1.2.4' ],
14 silly audit   gopd: [ '1.0.1' ],
14 silly audit   'has-property-descriptors': [ '1.0.2' ],
14 silly audit   'has-proto': [ '1.0.3' ],
14 silly audit   'has-symbols': [ '1.0.3' ],
14 silly audit   hasown: [ '2.0.2' ],
14 silly audit   'http-errors': [ '2.0.0' ],
14 silly audit   'iconv-lite': [ '0.4.24' ],
14 silly audit   inherits: [ '2.0.4' ],
14 silly audit   'ipaddr.js': [ '1.9.1' ],
14 silly audit   'is-builtin-module': [ '3.2.1' ],
14 silly audit   'is-core-module': [ '2.15.0' ],
14 silly audit   'is-module': [ '1.0.0' ],
14 silly audit   isarray: [ '1.0.0' ],
14 silly audit   'media-typer': [ '0.3.0' ],
14 silly audit   'merge-descriptors': [ '1.0.1' ],
14 silly audit   methods: [ '1.1.2' ],
14 silly audit   mime: [ '1.6.0' ],
14 silly audit   'mime-db': [ '1.52.0' ],
14 silly audit   'mime-types': [ '2.1.35' ],
14 silly audit   'mini-svg-data-uri': [ '1.4.4' ],
14 silly audit   minimist: [ '1.2.8' ],
14 silly audit   mkdirp: [ '0.5.6' ],
14 silly audit   ms: [ '2.0.0', '2.1.3' ],
14 silly audit   multer: [ '1.4.5-lts.1' ],
14 silly audit   negotiator: [ '0.6.3' ],
14 silly audit   'object-assign': [ '4.1.1' ],
14 silly audit   'object-inspect': [ '1.13.2' ],
14 silly audit   'on-finished': [ '2.4.1' ],
14 silly audit   'on-headers': [ '1.0.2' ],
14 silly audit   parseurl: [ '1.3.3' ],
14 silly audit   'path-parse': [ '1.0.7' ],
14 silly audit   'path-to-regexp': [ '0.1.7' ],
14 silly audit   picomatch: [ '2.3.1' ],
14 silly audit   'process-nextick-args': [ '2.0.1' ],
14 silly audit   'proxy-addr': [ '2.0.7' ],
14 silly audit   qs: [ '6.11.0' ],
14 silly audit   'random-bytes': [ '1.0.0' ],
14 silly audit   'range-parser': [ '1.2.1' ],
14 silly audit   'raw-body': [ '2.5.2' ],
14 silly audit   'readable-stream': [ '2.3.8' ],
14 silly audit   'safe-buffer': [ '5.1.2', '5.2.1' ],
14 silly audit   resolve: [ '1.22.8' ],
14 silly audit   'safer-buffer': [ '2.1.2' ],
14 silly audit   send: [ '0.18.0' ],
14 silly audit   'serve-static': [ '1.15.0' ],
14 silly audit   'set-function-length': [ '1.2.2' ],
14 silly audit   setprototypeof: [ '1.2.0' ],
14 silly audit   'side-channel': [ '1.0.6' ],
14 silly audit   statuses: [ '2.0.1' ],
14 silly audit   streamsearch: [ '1.1.0' ],
14 silly audit   string_decoder: [ '1.1.1' ],
14 silly audit   'supports-preserve-symlinks-flag': [ '1.0.0' ],
14 silly audit   toidentifier: [ '1.0.1' ],
14 silly audit   'type-is': [ '1.6.18' ],
14 silly audit   typedarray: [ '0.0.6' ],
14 silly audit   'uid-safe': [ '2.1.5' ],
14 silly audit   unpipe: [ '1.0.0' ],
14 silly audit   'util-deprecate': [ '1.0.2' ],
14 silly audit   'utils-merge': [ '1.0.1' ],
14 silly audit   vary: [ '1.1.2' ],
14 silly audit   xtend: [ '4.0.2' ]
14 silly audit }
15 silly tarball no local data for xtend@https://registry.npmjs.org/xtend/-/xtend-4.0.2.tgz. Extracting by manifest.
16 silly tarball no local data for vary@https://registry.npmjs.org/vary/-/vary-1.1.2.tgz. Extracting by manifest.
17 silly tarball no local data for utils-merge@https://registry.npmjs.org/utils-merge/-/utils-merge-1.0.1.tgz. Extracting by manifest.
18 silly tarball no local data for util-deprecate@https://registry.npmjs.org/util-deprecate/-/util-deprecate-1.0.2.tgz. Extracting by manifest.
19 silly tarball no local data for uid-safe@https://registry.npmjs.org/uid-safe/-/uid-safe-2.1.5.tgz. Extracting by manifest.
20 silly tarball no local data for unpipe@https://registry.npmjs.org/unpipe/-/unpipe-1.0.0.tgz. Extracting by manifest.
21 silly tarball no local data for typedarray@https://registry.npmjs.org/typedarray/-/typedarray-0.0.6.tgz. Extracting by manifest.
22 silly tarball no local data for type-is@https://registry.npmjs.org/type-is/-/type-is-1.6.18.tgz. Extracting by manifest.
23 silly tarball no local data for toidentifier@https://registry.npmjs.org/toidentifier/-/toidentifier-1.0.1.tgz. Extracting by manifest.
24 silly tarball no local data for supports-preserve-symlinks-flag@https://registry.npmjs.org/supports-preserve-symlinks-flag/-/supports-preserve-symlinks-flag-1.0.0.tgz. Extracting by manifest.
25 silly tarball no local data for string_decoder@https://registry.npmjs.org/string_decoder/-/string_decoder-1.1.1.tgz. Extracting by manifest.
26 silly tarball no local data for streamsearch@https://registry.npmjs.org/streamsearch/-/streamsearch-1.1.0.tgz. Extracting by manifest.
27 silly tarball no local data for statuses@https://registry.npmjs.org/statuses/-/statuses-2.0.1.tgz. Extracting by manifest.
28 silly tarball no local data for side-channel@https://registry.npmjs.org/side-channel/-/side-channel-1.0.6.tgz. Extracting by manifest.
29 silly tarball no local data for setprototypeof@https://registry.npmjs.org/setprototypeof/-/setprototypeof-1.2.0.tgz. Extracting by manifest.
30 silly tarball no local data for set-function-length@https://registry.npmjs.org/set-function-length/-/set-function-length-1.2.2.tgz. Extracting by manifest.
31 silly tarball no local data for serve-static@https://registry.npmjs.org/serve-static/-/serve-static-1.15.0.tgz. Extracting by manifest.
32 silly tarball no local data for safer-buffer@https://registry.npmjs.org/safer-buffer/-/safer-buffer-2.1.2.tgz. Extracting by manifest.
33 silly tarball no local data for send@https://registry.npmjs.org/send/-/send-0.18.0.tgz. Extracting by manifest.
34 silly tarball no local data for safe-buffer@https://registry.npmjs.org/safe-buffer/-/safe-buffer-5.2.1.tgz. Extracting by manifest.
35 silly tarball no local data for resolve@https://registry.npmjs.org/resolve/-/resolve-1.22.8.tgz. Extracting by manifest.
36 silly tarball no local data for raw-body@https://registry.npmjs.org/raw-body/-/raw-body-2.5.2.tgz. Extracting by manifest.
37 silly tarball no local data for readable-stream@https://registry.npmjs.org/readable-stream/-/readable-stream-2.3.8.tgz. Extracting by manifest.
38 silly tarball no local data for range-parser@https://registry.npmjs.org/range-parser/-/range-parser-1.2.1.tgz. Extracting by manifest.
39 silly tarball no local data for random-bytes@https://registry.npmjs.org/random-bytes/-/random-bytes-1.0.0.tgz. Extracting by manifest.
40 silly tarball no local data for proxy-addr@https://registry.npmjs.org/proxy-addr/-/proxy-addr-2.0.7.tgz. Extracting by manifest.
41 silly tarball no local data for qs@https://registry.npmjs.org/qs/-/qs-6.11.0.tgz. Extracting by manifest.
42 silly tarball no local data for picomatch@https://registry.npmjs.org/picomatch/-/picomatch-2.3.1.tgz. Extracting by manifest.
43 silly tarball no local data for path-parse@https://registry.npmjs.org/path-parse/-/path-parse-1.0.7.tgz. Extracting by manifest.
44 silly tarball no local data for process-nextick-args@https://registry.npmjs.org/process-nextick-args/-/process-nextick-args-2.0.1.tgz. Extracting by manifest.
45 silly tarball no local data for parseurl@https://registry.npmjs.org/parseurl/-/parseurl-1.3.3.tgz. Extracting by manifest.
46 silly tarball no local data for on-headers@https://registry.npmjs.org/on-headers/-/on-headers-1.0.2.tgz. Extracting by manifest.
47 silly tarball no local data for on-finished@https://registry.npmjs.org/on-finished/-/on-finished-2.4.1.tgz. Extracting by manifest.
48 silly tarball no local data for object-inspect@https://registry.npmjs.org/object-inspect/-/object-inspect-1.13.2.tgz. Extracting by manifest.
49 silly tarball no local data for path-to-regexp@https://registry.npmjs.org/path-to-regexp/-/path-to-regexp-0.1.7.tgz. Extracting by manifest.
50 silly tarball no local data for object-assign@https://registry.npmjs.org/object-assign/-/object-assign-4.1.1.tgz. Extracting by manifest.
51 silly tarball no local data for negotiator@https://registry.npmjs.org/negotiator/-/negotiator-0.6.3.tgz. Extracting by manifest.
52 silly tarball no local data for multer@https://registry.npmjs.org/multer/-/multer-1.4.5-lts.1.tgz. Extracting by manifest.
53 silly tarball no local data for ms@https://registry.npmjs.org/ms/-/ms-2.0.0.tgz. Extracting by manifest.
54 silly tarball no local data for mkdirp@https://registry.npmjs.org/mkdirp/-/mkdirp-0.5.6.tgz. Extracting by manifest.
55 silly tarball no local data for mini-svg-data-uri@https://registry.npmjs.org/mini-svg-data-uri/-/mini-svg-data-uri-1.4.4.tgz. Extracting by manifest.
56 silly tarball no local data for mime-types@https://registry.npmjs.org/mime-types/-/mime-types-2.1.35.tgz. Extracting by manifest.
57 silly tarball no local data for minimist@https://registry.npmjs.org/minimist/-/minimist-1.2.8.tgz. Extracting by manifest.
58 silly tarball no local data for mime-db@https://registry.npmjs.org/mime-db/-/mime-db-1.52.0.tgz. Extracting by manifest.
59 silly tarball no local data for mime@https://registry.npmjs.org/mime/-/mime-1.6.0.tgz. Extracting by manifest.
60 silly tarball no local data for methods@https://registry.npmjs.org/methods/-/methods-1.1.2.tgz. Extracting by manifest.
61 silly tarball no local data for media-typer@https://registry.npmjs.org/media-typer/-/media-typer-0.3.0.tgz. Extracting by manifest.
62 silly tarball no local data for merge-descriptors@https://registry.npmjs.org/merge-descriptors/-/merge-descriptors-1.0.1.tgz. Extracting by manifest.
63 silly tarball no local data for isarray@https://registry.npmjs.org/isarray/-/isarray-1.0.0.tgz. Extracting by manifest.
64 silly tarball no local data for is-module@https://registry.npmjs.org/is-module/-/is-module-1.0.0.tgz. Extracting by manifest.
65 silly tarball no local data for is-builtin-module@https://registry.npmjs.org/is-builtin-module/-/is-builtin-module-3.2.1.tgz. Extracting by manifest.
66 silly tarball no local data for is-core-module@https://registry.npmjs.org/is-core-module/-/is-core-module-2.15.0.tgz. Extracting by manifest.
67 silly tarball no local data for ipaddr.js@https://registry.npmjs.org/ipaddr.js/-/ipaddr.js-1.9.1.tgz. Extracting by manifest.
68 silly tarball no local data for inherits@https://registry.npmjs.org/inherits/-/inherits-2.0.4.tgz. Extracting by manifest.
69 silly tarball no local data for iconv-lite@https://registry.npmjs.org/iconv-lite/-/iconv-lite-0.4.24.tgz. Extracting by manifest.
70 silly tarball no local data for http-errors@https://registry.npmjs.org/http-errors/-/http-errors-2.0.0.tgz. Extracting by manifest.
71 silly tarball no local data for hasown@https://registry.npmjs.org/hasown/-/hasown-2.0.2.tgz. Extracting by manifest.
72 silly tarball no local data for has-proto@https://registry.npmjs.org/has-proto/-/has-proto-1.0.3.tgz. Extracting by manifest.
73 silly tarball no local data for has-symbols@https://registry.npmjs.org/has-symbols/-/has-symbols-1.0.3.tgz. Extracting by manifest.
74 silly tarball no local data for has-property-descriptors@https://registry.npmjs.org/has-property-descriptors/-/has-property-descriptors-1.0.2.tgz. Extracting by manifest.
75 silly tarball no local data for gopd@https://registry.npmjs.org/gopd/-/gopd-1.0.1.tgz. Extracting by manifest.
76 silly tarball no local data for get-intrinsic@https://registry.npmjs.org/get-intrinsic/-/get-intrinsic-1.2.4.tgz. Extracting by manifest.
77 silly tarball no local data for fresh@https://registry.npmjs.org/fresh/-/fresh-0.5.2.tgz. Extracting by manifest.
78 silly tarball no local data for function-bind@https://registry.npmjs.org/function-bind/-/function-bind-1.1.2.tgz. Extracting by manifest.
79 silly tarball no local data for forwarded@https://registry.npmjs.org/forwarded/-/forwarded-0.2.0.tgz. Extracting by manifest.
80 silly tarball no local data for flowbite-datepicker@https://registry.npmjs.org/flowbite-datepicker/-/flowbite-datepicker-1.3.0.tgz. Extracting by manifest.
81 silly tarball no local data for flowbite@https://registry.npmjs.org/flowbite/-/flowbite-2.4.1.tgz. Extracting by manifest.
82 silly tarball no local data for express-session@https://registry.npmjs.org/express-session/-/express-session-1.18.0.tgz. Extracting by manifest.
83 silly tarball no local data for finalhandler@https://registry.npmjs.org/finalhandler/-/finalhandler-1.2.0.tgz. Extracting by manifest.
84 silly tarball no local data for express@https://registry.npmjs.org/express/-/express-4.19.2.tgz. Extracting by manifest.
85 silly tarball no local data for etag@https://registry.npmjs.org/etag/-/etag-1.8.1.tgz. Extracting by manifest.
86 silly tarball no local data for estree-walker@https://registry.npmjs.org/estree-walker/-/estree-walker-2.0.2.tgz. Extracting by manifest.
87 silly tarball no local data for es-errors@https://registry.npmjs.org/es-errors/-/es-errors-1.3.0.tgz. Extracting by manifest.
88 silly tarball no local data for escape-html@https://registry.npmjs.org/escape-html/-/escape-html-1.0.3.tgz. Extracting by manifest.
89 silly tarball no local data for es-define-property@https://registry.npmjs.org/es-define-property/-/es-define-property-1.0.0.tgz. Extracting by manifest.
90 silly tarball no local data for encodeurl@https://registry.npmjs.org/encodeurl/-/encodeurl-1.0.2.tgz. Extracting by manifest.
91 silly tarball no local data for ee-first@https://registry.npmjs.org/ee-first/-/ee-first-1.1.1.tgz. Extracting by manifest.
92 silly tarball no local data for depd@https://registry.npmjs.org/depd/-/depd-2.0.0.tgz. Extracting by manifest.
93 silly tarball no local data for destroy@https://registry.npmjs.org/destroy/-/destroy-1.2.0.tgz. Extracting by manifest.
94 silly tarball no local data for define-data-property@https://registry.npmjs.org/define-data-property/-/define-data-property-1.1.4.tgz. Extracting by manifest.
95 silly tarball no local data for deepmerge@https://registry.npmjs.org/deepmerge/-/deepmerge-4.3.1.tgz. Extracting by manifest.
96 silly tarball no local data for debug@https://registry.npmjs.org/debug/-/debug-2.6.9.tgz. Extracting by manifest.
97 silly tarball no local data for cookie-signature@https://registry.npmjs.org/cookie-signature/-/cookie-signature-1.0.6.tgz. Extracting by manifest.
98 silly tarball no local data for core-util-is@https://registry.npmjs.org/core-util-is/-/core-util-is-1.0.3.tgz. Extracting by manifest.
99 silly tarball no local data for cookie@https://registry.npmjs.org/cookie/-/cookie-0.6.0.tgz. Extracting by manifest.
100 silly tarball no local data for content-type@https://registry.npmjs.org/content-type/-/content-type-1.0.5.tgz. Extracting by manifest.
101 silly tarball no local data for call-bind@https://registry.npmjs.org/call-bind/-/call-bind-1.0.7.tgz. Extracting by manifest.
102 silly tarball no local data for concat-stream@https://registry.npmjs.org/concat-stream/-/concat-stream-1.6.2.tgz. Extracting by manifest.
103 silly tarball no local data for content-disposition@https://registry.npmjs.org/content-disposition/-/content-disposition-0.5.4.tgz. Extracting by manifest.
104 silly tarball no local data for bytes@https://registry.npmjs.org/bytes/-/bytes-3.1.2.tgz. Extracting by manifest.
105 silly tarball no local data for busboy@https://registry.npmjs.org/busboy/-/busboy-1.6.0.tgz. Extracting by manifest.
106 silly tarball no local data for buffer-from@https://registry.npmjs.org/buffer-from/-/buffer-from-1.1.2.tgz. Extracting by manifest.
107 silly tarball no local data for builtin-modules@https://registry.npmjs.org/builtin-modules/-/builtin-modules-3.3.0.tgz. Extracting by manifest.
108 silly tarball no local data for body-parser@https://registry.npmjs.org/body-parser/-/body-parser-1.20.2.tgz. Extracting by manifest.
109 silly tarball no local data for array-flatten@https://registry.npmjs.org/array-flatten/-/array-flatten-1.1.1.tgz. Extracting by manifest.
110 silly tarball no local data for append-field@https://registry.npmjs.org/append-field/-/append-field-1.0.0.tgz. Extracting by manifest.
111 silly tarball no local data for accepts@https://registry.npmjs.org/accepts/-/accepts-1.3.8.tgz. Extracting by manifest.
112 silly tarball no local data for @types/resolve@https://registry.npmjs.org/@types/resolve/-/resolve-1.20.2.tgz. Extracting by manifest.
113 silly tarball no local data for @types/estree@https://registry.npmjs.org/@types/estree/-/estree-1.0.5.tgz. Extracting by manifest.
114 silly tarball no local data for @rollup/pluginutils@https://registry.npmjs.org/@rollup/pluginutils/-/pluginutils-5.1.0.tgz. Extracting by manifest.
115 silly tarball no local data for @rollup/plugin-node-resolve@https://registry.npmjs.org/@rollup/plugin-node-resolve/-/plugin-node-resolve-15.2.3.tgz. Extracting by manifest.
116 silly tarball no local data for @popperjs/core@https://registry.npmjs.org/@popperjs/core/-/core-2.11.8.tgz. Extracting by manifest.
117 silly tarball no local data for safe-buffer@https://registry.npmjs.org/safe-buffer/-/safe-buffer-5.1.2.tgz. Extracting by manifest.
118 silly tarball no local data for ms@https://registry.npmjs.org/ms/-/ms-2.1.3.tgz. Extracting by manifest.
119 silly tarball no local data for cookie-signature@https://registry.npmjs.org/cookie-signature/-/cookie-signature-1.0.7.tgz. Extracting by manifest.
120 silly tarball no local data for safe-buffer@https://registry.npmjs.org/safe-buffer/-/safe-buffer-5.1.2.tgz. Extracting by manifest.
121 http fetch GET 200 https://registry.npmjs.org/npm 334ms
122 http fetch POST 200 https://registry.npmjs.org/-/npm/v1/security/advisories/bulk 482ms
123 silly audit report {}
124 http fetch GET 200 https://registry.npmjs.org/toidentifier/-/toidentifier-1.0.1.tgz 547ms (cache miss)
125 http fetch GET 200 https://registry.npmjs.org/utils-merge/-/utils-merge-1.0.1.tgz 552ms (cache miss)
126 http fetch GET 200 https://registry.npmjs.org/supports-preserve-symlinks-flag/-/supports-preserve-symlinks-flag-1.0.0.tgz 579ms (cache miss)
127 http fetch GET 200 https://registry.npmjs.org/type-is/-/type-is-1.6.18.tgz 581ms (cache miss)
128 http fetch GET 200 https://registry.npmjs.org/uid-safe/-/uid-safe-2.1.5.tgz 583ms (cache miss)
129 http fetch GET 200 https://registry.npmjs.org/unpipe/-/unpipe-1.0.0.tgz 583ms (cache miss)
130 http fetch GET 200 https://registry.npmjs.org/util-deprecate/-/util-deprecate-1.0.2.tgz 590ms (cache miss)
131 http fetch GET 200 https://registry.npmjs.org/vary/-/vary-1.1.2.tgz 593ms (cache miss)
132 http fetch GET 200 https://registry.npmjs.org/xtend/-/xtend-4.0.2.tgz 596ms (cache miss)
133 http fetch GET 200 https://registry.npmjs.org/setprototypeof/-/setprototypeof-1.2.0.tgz 617ms (cache miss)
134 http fetch GET 200 https://registry.npmjs.org/side-channel/-/side-channel-1.0.6.tgz 642ms (cache miss)
135 http fetch GET 200 https://registry.npmjs.org/typedarray/-/typedarray-0.0.6.tgz 662ms (cache miss)
136 http fetch GET 200 https://registry.npmjs.org/string_decoder/-/string_decoder-1.1.1.tgz 659ms (cache miss)
137 http fetch GET 200 https://registry.npmjs.org/path-parse/-/path-parse-1.0.7.tgz 654ms (cache miss)
138 http fetch GET 200 https://registry.npmjs.org/statuses/-/statuses-2.0.1.tgz 678ms (cache miss)
139 http fetch GET 200 https://registry.npmjs.org/range-parser/-/range-parser-1.2.1.tgz 674ms (cache miss)
140 http fetch GET 200 https://registry.npmjs.org/random-bytes/-/random-bytes-1.0.0.tgz 675ms (cache miss)
141 http fetch GET 200 https://registry.npmjs.org/proxy-addr/-/proxy-addr-2.0.7.tgz 689ms (cache miss)
142 http fetch GET 200 https://registry.npmjs.org/process-nextick-args/-/process-nextick-args-2.0.1.tgz 688ms (cache miss)
143 http fetch GET 200 https://registry.npmjs.org/streamsearch/-/streamsearch-1.1.0.tgz 704ms (cache miss)
144 http fetch GET 200 https://registry.npmjs.org/set-function-length/-/set-function-length-1.2.2.tgz 712ms (cache miss)
145 http fetch GET 200 https://registry.npmjs.org/safe-buffer/-/safe-buffer-5.2.1.tgz 711ms (cache miss)
146 http fetch GET 200 https://registry.npmjs.org/on-headers/-/on-headers-1.0.2.tgz 707ms (cache miss)
147 http fetch GET 200 https://registry.npmjs.org/path-to-regexp/-/path-to-regexp-0.1.7.tgz 707ms (cache miss)
148 http fetch GET 200 https://registry.npmjs.org/ms/-/ms-2.0.0.tgz 706ms (cache miss)
149 http fetch GET 200 https://registry.npmjs.org/multer/-/multer-1.4.5-lts.1.tgz 707ms (cache miss)
150 http fetch GET 200 https://registry.npmjs.org/mkdirp/-/mkdirp-0.5.6.tgz 706ms (cache miss)
151 http fetch GET 200 https://registry.npmjs.org/serve-static/-/serve-static-1.15.0.tgz 720ms (cache miss)
152 http fetch GET 200 https://registry.npmjs.org/parseurl/-/parseurl-1.3.3.tgz 716ms (cache miss)
153 http fetch GET 200 https://registry.npmjs.org/object-assign/-/object-assign-4.1.1.tgz 716ms (cache miss)
154 http fetch GET 200 https://registry.npmjs.org/on-finished/-/on-finished-2.4.1.tgz 724ms (cache miss)
155 http fetch GET 200 https://registry.npmjs.org/negotiator/-/negotiator-0.6.3.tgz 730ms (cache miss)
156 http fetch GET 200 https://registry.npmjs.org/mini-svg-data-uri/-/mini-svg-data-uri-1.4.4.tgz 730ms (cache miss)
157 http fetch GET 200 https://registry.npmjs.org/raw-body/-/raw-body-2.5.2.tgz 743ms (cache miss)
158 http fetch GET 200 https://registry.npmjs.org/merge-descriptors/-/merge-descriptors-1.0.1.tgz 735ms (cache miss)
159 http fetch GET 200 https://registry.npmjs.org/isarray/-/isarray-1.0.0.tgz 736ms (cache miss)
160 http fetch GET 200 https://registry.npmjs.org/is-builtin-module/-/is-builtin-module-3.2.1.tgz 735ms (cache miss)
161 http fetch GET 200 https://registry.npmjs.org/send/-/send-0.18.0.tgz 751ms (cache miss)
162 http fetch GET 200 https://registry.npmjs.org/mime-types/-/mime-types-2.1.35.tgz 744ms (cache miss)
163 http fetch GET 200 https://registry.npmjs.org/media-typer/-/media-typer-0.3.0.tgz 743ms (cache miss)
164 http fetch GET 200 https://registry.npmjs.org/methods/-/methods-1.1.2.tgz 744ms (cache miss)
165 http fetch GET 200 https://registry.npmjs.org/is-module/-/is-module-1.0.0.tgz 742ms (cache miss)
166 http fetch GET 200 https://registry.npmjs.org/inherits/-/inherits-2.0.4.tgz 741ms (cache miss)
167 http fetch GET 200 https://registry.npmjs.org/http-errors/-/http-errors-2.0.0.tgz 748ms (cache miss)
168 http fetch GET 200 https://registry.npmjs.org/has-property-descriptors/-/has-property-descriptors-1.0.2.tgz 751ms (cache miss)
169 http fetch GET 200 https://registry.npmjs.org/safer-buffer/-/safer-buffer-2.1.2.tgz 771ms (cache miss)
170 http fetch GET 200 https://registry.npmjs.org/hasown/-/hasown-2.0.2.tgz 760ms (cache miss)
171 http fetch GET 200 https://registry.npmjs.org/forwarded/-/forwarded-0.2.0.tgz 758ms (cache miss)
172 http fetch GET 200 https://registry.npmjs.org/gopd/-/gopd-1.0.1.tgz 760ms (cache miss)
173 http fetch GET 200 https://registry.npmjs.org/fresh/-/fresh-0.5.2.tgz 759ms (cache miss)
174 http fetch GET 200 https://registry.npmjs.org/finalhandler/-/finalhandler-1.2.0.tgz 759ms (cache miss)
175 http fetch GET 200 https://registry.npmjs.org/ee-first/-/ee-first-1.1.1.tgz 762ms (cache miss)
176 http fetch GET 200 https://registry.npmjs.org/escape-html/-/escape-html-1.0.3.tgz 768ms (cache miss)
177 http fetch GET 200 https://registry.npmjs.org/deepmerge/-/deepmerge-4.3.1.tgz 767ms (cache miss)
178 http fetch GET 200 https://registry.npmjs.org/define-data-property/-/define-data-property-1.1.4.tgz 767ms (cache miss)
179 http fetch GET 200 https://registry.npmjs.org/cookie-signature/-/cookie-signature-1.0.6.tgz 767ms (cache miss)
180 http fetch GET 200 https://registry.npmjs.org/etag/-/etag-1.8.1.tgz 777ms (cache miss)
181 http fetch GET 200 https://registry.npmjs.org/encodeurl/-/encodeurl-1.0.2.tgz 773ms (cache miss)
182 http fetch GET 200 https://registry.npmjs.org/core-util-is/-/core-util-is-1.0.3.tgz 772ms (cache miss)
183 http fetch GET 200 https://registry.npmjs.org/call-bind/-/call-bind-1.0.7.tgz 771ms (cache miss)
184 http fetch GET 200 https://registry.npmjs.org/array-flatten/-/array-flatten-1.1.1.tgz 769ms (cache miss)
185 http fetch GET 200 https://registry.npmjs.org/append-field/-/append-field-1.0.0.tgz 769ms (cache miss)
186 http fetch GET 200 https://registry.npmjs.org/has-proto/-/has-proto-1.0.3.tgz 787ms (cache miss)
187 http fetch GET 200 https://registry.npmjs.org/destroy/-/destroy-1.2.0.tgz 778ms (cache miss)
188 http fetch GET 200 https://registry.npmjs.org/buffer-from/-/buffer-from-1.1.2.tgz 775ms (cache miss)
189 http fetch GET 200 https://registry.npmjs.org/bytes/-/bytes-3.1.2.tgz 776ms (cache miss)
190 http fetch GET 200 https://registry.npmjs.org/es-define-property/-/es-define-property-1.0.0.tgz 784ms (cache miss)
191 http fetch GET 200 https://registry.npmjs.org/content-type/-/content-type-1.0.5.tgz 780ms (cache miss)
192 http fetch GET 200 https://registry.npmjs.org/accepts/-/accepts-1.3.8.tgz 778ms (cache miss)
193 http fetch GET 200 https://registry.npmjs.org/@types/estree/-/estree-1.0.5.tgz 777ms (cache miss)
194 http fetch GET 200 https://registry.npmjs.org/concat-stream/-/concat-stream-1.6.2.tgz 784ms (cache miss)
195 http fetch GET 200 https://registry.npmjs.org/builtin-modules/-/builtin-modules-3.3.0.tgz 783ms (cache miss)
196 http fetch GET 200 https://registry.npmjs.org/safe-buffer/-/safe-buffer-5.1.2.tgz 780ms (cache miss)
197 http fetch GET 200 https://registry.npmjs.org/cookie-signature/-/cookie-signature-1.0.7.tgz 779ms (cache miss)
198 http fetch GET 200 https://registry.npmjs.org/content-disposition/-/content-disposition-0.5.4.tgz 787ms (cache miss)
199 http fetch GET 200 https://registry.npmjs.org/body-parser/-/body-parser-1.20.2.tgz 787ms (cache miss)
200 http fetch GET 200 https://registry.npmjs.org/ms/-/ms-2.1.3.tgz 784ms (cache miss)
201 http fetch GET 200 https://registry.npmjs.org/ipaddr.js/-/ipaddr.js-1.9.1.tgz 804ms (cache miss)
202 http fetch GET 200 https://registry.npmjs.org/depd/-/depd-2.0.0.tgz 795ms (cache miss)
203 http fetch GET 200 https://registry.npmjs.org/debug/-/debug-2.6.9.tgz 793ms (cache miss)
204 http fetch GET 200 https://registry.npmjs.org/@types/resolve/-/resolve-1.20.2.tgz 788ms (cache miss)
205 http fetch GET 200 https://registry.npmjs.org/qs/-/qs-6.11.0.tgz 815ms (cache miss)
206 http fetch GET 200 https://registry.npmjs.org/get-intrinsic/-/get-intrinsic-1.2.4.tgz 806ms (cache miss)
207 http fetch GET 200 https://registry.npmjs.org/is-core-module/-/is-core-module-2.15.0.tgz 811ms (cache miss)
208 http fetch GET 200 https://registry.npmjs.org/es-errors/-/es-errors-1.3.0.tgz 805ms (cache miss)
209 http fetch GET 200 https://registry.npmjs.org/cookie/-/cookie-0.6.0.tgz 803ms (cache miss)
210 http fetch GET 200 https://registry.npmjs.org/has-symbols/-/has-symbols-1.0.3.tgz 816ms (cache miss)
211 http fetch GET 200 https://registry.npmjs.org/mime/-/mime-1.6.0.tgz 823ms (cache miss)
212 http fetch GET 200 https://registry.npmjs.org/function-bind/-/function-bind-1.1.2.tgz 818ms (cache miss)
213 http fetch GET 200 https://registry.npmjs.org/safe-buffer/-/safe-buffer-5.1.2.tgz 804ms (cache miss)
214 http fetch GET 200 https://registry.npmjs.org/mime-db/-/mime-db-1.52.0.tgz 828ms (cache miss)
215 http fetch GET 200 https://registry.npmjs.org/express-session/-/express-session-1.18.0.tgz 822ms (cache miss)
216 http fetch GET 200 https://registry.npmjs.org/picomatch/-/picomatch-2.3.1.tgz 835ms (cache miss)
217 http fetch GET 200 https://registry.npmjs.org/express/-/express-4.19.2.tgz 826ms (cache miss)
218 http fetch GET 200 https://registry.npmjs.org/@rollup/plugin-node-resolve/-/plugin-node-resolve-15.2.3.tgz 815ms (cache miss)
219 http fetch GET 200 https://registry.npmjs.org/minimist/-/minimist-1.2.8.tgz 838ms (cache miss)
220 http fetch GET 200 https://registry.npmjs.org/estree-walker/-/estree-walker-2.0.2.tgz 831ms (cache miss)
221 http fetch GET 200 https://registry.npmjs.org/readable-stream/-/readable-stream-2.3.8.tgz 851ms (cache miss)
222 http fetch GET 200 https://registry.npmjs.org/busboy/-/busboy-1.6.0.tgz 842ms (cache miss)
223 http fetch GET 200 https://registry.npmjs.org/object-inspect/-/object-inspect-1.13.2.tgz 863ms (cache miss)
224 http fetch GET 200 https://registry.npmjs.org/iconv-lite/-/iconv-lite-0.4.24.tgz 887ms (cache miss)
225 http fetch GET 200 https://registry.npmjs.org/resolve/-/resolve-1.22.8.tgz 953ms (cache miss)
226 http fetch GET 200 https://registry.npmjs.org/@popperjs/core/-/core-2.11.8.tgz 1015ms (cache miss)
227 http fetch GET 200 https://registry.npmjs.org/flowbite-datepicker/-/flowbite-datepicker-1.3.0.tgz 1065ms (cache miss)
228 http fetch GET 200 https://registry.npmjs.org/flowbite/-/flowbite-2.4.1.tgz 1136ms (cache miss)
229 http fetch GET 200 https://registry.npmjs.org/@rollup/pluginutils/-/pluginutils-5.1.0.tgz 1396ms (cache miss)
230 silly ADD node_modules/xtend
231 silly ADD node_modules/vary
232 silly ADD node_modules/utils-merge
233 silly ADD node_modules/util-deprecate
234 silly ADD node_modules/unpipe
235 silly ADD node_modules/uid-safe
236 silly ADD node_modules/typedarray
237 silly ADD node_modules/type-is
238 silly ADD node_modules/toidentifier
239 silly ADD node_modules/supports-preserve-symlinks-flag
240 silly ADD node_modules/string_decoder
241 silly ADD node_modules/string_decoder/node_modules/safe-buffer
242 silly ADD node_modules/streamsearch
243 silly ADD node_modules/statuses
244 silly ADD node_modules/side-channel
245 silly ADD node_modules/setprototypeof
246 silly ADD node_modules/set-function-length
247 silly ADD node_modules/serve-static
248 silly ADD node_modules/send
249 silly ADD node_modules/send/node_modules/ms
250 silly ADD node_modules/safer-buffer
251 silly ADD node_modules/safe-buffer
252 silly ADD node_modules/resolve
253 silly ADD node_modules/readable-stream
254 silly ADD node_modules/readable-stream/node_modules/safe-buffer
255 silly ADD node_modules/raw-body
256 silly ADD node_modules/range-parser
257 silly ADD node_modules/random-bytes
258 silly ADD node_modules/qs
259 silly ADD node_modules/proxy-addr
260 silly ADD node_modules/process-nextick-args
261 silly ADD node_modules/picomatch
262 silly ADD node_modules/path-to-regexp
263 silly ADD node_modules/path-parse
264 silly ADD node_modules/parseurl
265 silly ADD node_modules/on-headers
266 silly ADD node_modules/on-finished
267 silly ADD node_modules/object-inspect
268 silly ADD node_modules/object-assign
269 silly ADD node_modules/negotiator
270 silly ADD node_modules/multer
271 silly ADD node_modules/ms
272 silly ADD node_modules/mkdirp
273 silly ADD node_modules/minimist
274 silly ADD node_modules/mini-svg-data-uri
275 silly ADD node_modules/mime-types
276 silly ADD node_modules/mime-db
277 silly ADD node_modules/mime
278 silly ADD node_modules/methods
279 silly ADD node_modules/merge-descriptors
280 silly ADD node_modules/media-typer
281 silly ADD node_modules/isarray
282 silly ADD node_modules/is-module
283 silly ADD node_modules/is-core-module
284 silly ADD node_modules/is-builtin-module
285 silly ADD node_modules/ipaddr.js
286 silly ADD node_modules/inherits
287 silly ADD node_modules/iconv-lite
288 silly ADD node_modules/http-errors
289 silly ADD node_modules/hasown
290 silly ADD node_modules/has-symbols
291 silly ADD node_modules/has-proto
292 silly ADD node_modules/has-property-descriptors
293 silly ADD node_modules/gopd
294 silly ADD node_modules/get-intrinsic
295 silly ADD node_modules/function-bind
296 silly ADD node_modules/fresh
297 silly ADD node_modules/forwarded
298 silly ADD node_modules/flowbite-datepicker
299 silly ADD node_modules/flowbite
300 silly ADD node_modules/finalhandler
301 silly ADD node_modules/express-session
302 silly ADD node_modules/express-session/node_modules/cookie-signature
303 silly ADD node_modules/express
304 silly ADD node_modules/etag
305 silly ADD node_modules/estree-walker
306 silly ADD node_modules/escape-html
307 silly ADD node_modules/es-errors
308 silly ADD node_modules/es-define-property
309 silly ADD node_modules/encodeurl
310 silly ADD node_modules/ee-first
311 silly ADD node_modules/destroy
312 silly ADD node_modules/depd
313 silly ADD node_modules/define-data-property
314 silly ADD node_modules/deepmerge
315 silly ADD node_modules/debug
316 silly ADD node_modules/core-util-is
317 silly ADD node_modules/cookie-signature
318 silly ADD node_modules/cookie
319 silly ADD node_modules/content-type
320 silly ADD node_modules/content-disposition
321 silly ADD node_modules/concat-stream
322 silly ADD node_modules/call-bind
323 silly ADD node_modules/bytes
324 silly ADD node_modules/busboy
325 silly ADD node_modules/builtin-modules
326 silly ADD node_modules/buffer-from
327 silly ADD node_modules/body-parser
328 silly ADD node_modules/array-flatten
329 silly ADD node_modules/append-field
330 silly ADD node_modules/accepts
331 silly ADD node_modules/@types/resolve
332 silly ADD node_modules/@types/estree
333 silly ADD node_modules/@rollup/pluginutils
334 silly ADD node_modules/@rollup/plugin-node-resolve
335 silly ADD node_modules/@popperjs/core
336 verbose cwd /home/container
337 verbose os Linux 5.15.0-113-generic
338 verbose node v21.7.3
339 verbose npm  v10.8.2
340 notice
340 notice New [36mpatch[39m version of npm available! [36m10.8.2[39m -> [34m10.8.3[39m
340 notice Changelog: [34mhttps://github.com/npm/cli/releases/tag/v10.8.3[39m
340 notice To update run: [4mnpm install -g npm@10.8.3[24m
340 notice  { force: true, [Symbol(proc-log.meta)]: true }
341 verbose exit 0
342 info ok
